# JRE version: OpenJDK Runtime Environment Temurin-17.0.4.1+1 (17.0.4.1+1) (build 17.0.4.1+1)
# Java VM: OpenJDK 64-Bit Server VM Temurin-17.0.4.1+1 (17.0.4.1+1, mixed mode, emulated-client, tiered, compressed oops, compressed class ptrs, g1 gc, windows-amd64)
GC Precious Log:
 CPUs: 8 total, 8 available
 Memory: 16114M
 Large Page Support: Disabled
 NUMA Support: Disabled
 Compressed Oops: Enabled (Zero based)
 Heap Region Size: 2M
 Heap Min Capacity: 8M
 Heap Initial Capacity: 252M
 Heap Max Capacity: 4030M
 Pre-touch: Disabled
 Parallel Workers: 8
 Concurrent Workers: 2
 Concurrent Refinement Workers: 8
 Periodic GC: Disabled
Heap:
 garbage-first heap   total 159744K, used 36405K [0x0000000704200000, 0x0000000800000000)
  region size 2048K, 8 young (16384K), 4 survivors (8192K)
 Metaspace       used 75857K, committed 76480K, reserved 1122304K
  class space    used 10371K, committed 10688K, reserved 1048576K
GC Heap History (20 events):
Event: 3.261 GC heap before
{Heap before GC invocations=7 (full 0):
 garbage-first heap   total 149504K, used 68421K [0x0000000704200000, 0x0000000800000000)
  region size 2048K, 30 young (61440K), 1 survivors (2048K)
 Metaspace       used 35676K, committed 36096K, reserved 1081344K
  class space    used 4587K, committed 4800K, reserved 1048576K
}
Event: 3.266 GC heap after
{Heap after GC invocations=8 (full 0):
 garbage-first heap   total 149504K, used 15375K [0x0000000704200000, 0x0000000800000000)
  region size 2048K, 3 young (6144K), 3 survivors (6144K)
 Metaspace       used 35676K, committed 36096K, reserved 1081344K
  class space    used 4587K, committed 4800K, reserved 1048576K
}
Event: 3.747 GC heap before
{Heap before GC invocations=9 (full 0):
 garbage-first heap   total 61440K, used 46095K [0x0000000704200000, 0x0000000800000000)
  region size 2048K, 18 young (36864K), 3 survivors (6144K)
 Metaspace       used 39813K, committed 40320K, reserved 1089536K
  class space    used 5167K, committed 5440K, reserved 1048576K
}
Event: 3.752 GC heap after
{Heap after GC invocations=10 (full 0):
 garbage-first heap   total 61440K, used 18201K [0x0000000704200000, 0x0000000800000000)
  region size 2048K, 2 young (4096K), 2 survivors (4096K)
 Metaspace       used 39813K, committed 40320K, reserved 1089536K
  class space    used 5167K, committed 5440K, reserved 1048576K
}
Event: 3.795 GC heap before
{Heap before GC invocations=10 (full 0):
 garbage-first heap   total 61440K, used 20249K [0x0000000704200000, 0x0000000800000000)
  region size 2048K, 3 young (6144K), 2 survivors (4096K)
 Metaspace       used 40371K, committed 40832K, reserved 1089536K
  class space    used 5225K, committed 5440K, reserved 1048576K
}
Event: 3.799 GC heap after
{Heap after GC invocations=11 (full 0):
 garbage-first heap   total 61440K, used 18765K [0x0000000704200000, 0x0000000800000000)
  region size 2048K, 1 young (2048K), 1 survivors (2048K)
 Metaspace       used 40371K, committed 40832K, reserved 1089536K
  class space    used 5225K, committed 5440K, reserved 1048576K
}
Event: 4.283 GC heap before
{Heap before GC invocations=11 (full 0):
 garbage-first heap   total 61440K, used 41293K [0x0000000704200000, 0x0000000800000000)
  region size 2048K, 13 young (26624K), 1 survivors (2048K)
 Metaspace       used 46828K, committed 47296K, reserved 1097728K
  class space    used 6134K, committed 6336K, reserved 1048576K
}
Event: 4.285 GC heap after
{Heap after GC invocations=12 (full 0):
 garbage-first heap   total 61440K, used 19764K [0x0000000704200000, 0x0000000800000000)
  region size 2048K, 1 young (2048K), 1 survivors (2048K)
 Metaspace       used 46828K, committed 47296K, reserved 1097728K
  class space    used 6134K, committed 6336K, reserved 1048576K
}
Event: 4.763 GC heap before
{Heap before GC invocations=12 (full 0):
 garbage-first heap   total 61440K, used 44340K [0x0000000704200000, 0x0000000800000000)
  region size 2048K, 14 young (28672K), 1 survivors (2048K)
 Metaspace       used 54904K, committed 55360K, reserved 1097728K
  class space    used 7203K, committed 7424K, reserved 1048576K
}
Event: 4.766 GC heap after
{Heap after GC invocations=13 (full 0):
 garbage-first heap   total 61440K, used 21794K [0x0000000704200000, 0x0000000800000000)
  region size 2048K, 2 young (4096K), 2 survivors (4096K)
 Metaspace       used 54904K, committed 55360K, reserved 1097728K
  class space    used 7203K, committed 7424K, reserved 1048576K
}
Event: 5.143 GC heap before
{Heap before GC invocations=13 (full 0):
 garbage-first heap   total 61440K, used 44322K [0x0000000704200000, 0x0000000800000000)
  region size 2048K, 14 young (28672K), 2 survivors (4096K)
 Metaspace       used 59850K, committed 60288K, reserved 1105920K
  class space    used 7936K, committed 8128K, reserved 1048576K
}
Event: 5.147 GC heap after
{Heap after GC invocations=14 (full 0):
 garbage-first heap   total 61440K, used 22981K [0x0000000704200000, 0x0000000800000000)
  region size 2048K, 2 young (4096K), 2 survivors (4096K)
 Metaspace       used 59850K, committed 60288K, reserved 1105920K
  class space    used 7936K, committed 8128K, reserved 1048576K
}
Event: 5.549 GC heap before
{Heap before GC invocations=15 (full 0):
 garbage-first heap   total 61440K, used 45509K [0x0000000704200000, 0x0000000800000000)
  region size 2048K, 13 young (26624K), 2 survivors (4096K)
 Metaspace       used 63054K, committed 63488K, reserved 1105920K
  class space    used 8568K, committed 8768K, reserved 1048576K
}
Event: 5.552 GC heap after
{Heap after GC invocations=16 (full 0):
 garbage-first heap   total 61440K, used 23928K [0x0000000704200000, 0x0000000800000000)
  region size 2048K, 2 young (4096K), 2 survivors (4096K)
 Metaspace       used 63054K, committed 63488K, reserved 1105920K
  class space    used 8568K, committed 8768K, reserved 1048576K
}
Event: 5.590 GC heap before
{Heap before GC invocations=16 (full 0):
 garbage-first heap   total 61440K, used 25976K [0x0000000704200000, 0x0000000800000000)
  region size 2048K, 3 young (6144K), 2 survivors (4096K)
 Metaspace       used 63601K, committed 64064K, reserved 1105920K
  class space    used 8651K, committed 8896K, reserved 1048576K
}
Event: 5.593 GC heap after
{Heap after GC invocations=17 (full 0):
 garbage-first heap   total 61440K, used 23540K [0x0000000704200000, 0x0000000800000000)
  region size 2048K, 1 young (2048K), 1 survivors (2048K)
 Metaspace       used 63601K, committed 64064K, reserved 1105920K
  class space    used 8651K, committed 8896K, reserved 1048576K
}
Event: 6.030 GC heap before
{Heap before GC invocations=17 (full 0):
 garbage-first heap   total 61440K, used 46068K [0x0000000704200000, 0x0000000800000000)
  region size 2048K, 13 young (26624K), 1 survivors (2048K)
 Metaspace       used 67435K, committed 67968K, reserved 1114112K
  class space    used 9197K, committed 9472K, reserved 1048576K
}
Event: 6.033 GC heap after
{Heap after GC invocations=18 (full 0):
 garbage-first heap   total 159744K, used 25238K [0x0000000704200000, 0x0000000800000000)
  region size 2048K, 2 young (4096K), 2 survivors (4096K)
 Metaspace       used 67435K, committed 67968K, reserved 1114112K
  class space    used 9197K, committed 9472K, reserved 1048576K
}
Event: 22.425 GC heap before
{Heap before GC invocations=18 (full 0):
 garbage-first heap   total 159744K, used 113302K [0x0000000704200000, 0x0000000800000000)
  region size 2048K, 46 young (94208K), 2 survivors (4096K)
 Metaspace       used 75825K, committed 76416K, reserved 1122304K
  class space    used 10366K, committed 10688K, reserved 1048576K
}
Event: 22.434 GC heap after
{Heap after GC invocations=19 (full 0):
 garbage-first heap   total 159744K, used 30261K [0x0000000704200000, 0x0000000800000000)
  region size 2048K, 4 young (8192K), 4 survivors (8192K)
 Metaspace       used 75825K, committed 76416K, reserved 1122304K
  class space    used 10366K, committed 10688K, reserved 1048576K
}

